<?xml version="1.0" encoding="UTF-8"?><testsuite errors="0" failures="1" name="com.studentapp.junit.studentsinfo.TagsTest" skipped="0" tests="2" time="7.65" timestamp="2019-08-29T12:44:29.510+05:30[Asia/Calcutta]"><testcase classname="com.studentapp.junit.studentsinfo.TagsTest" name="This test verifies error code 400 when user tries to access invalid resource"><failure message="1 expectation failed.&#10;Expected status code &lt;400&gt; but was &lt;404&gt;.&#10;" type="java.lang.AssertionError">1 expectation failed.
Expected status code &lt;400&gt; but was &lt;404&gt;.
</failure><system-err>1 expectation failed.
Expected status code &lt;400&gt; but was &lt;404&gt;.
&#13;
io.restassured.internal.ResponseSpecificationImpl.validateResponseIfRequired(ResponseSpecificationImpl.groovy:636)&#13;
io.restassured.internal.ResponseSpecificationImpl.statusCode(ResponseSpecificationImpl.groovy:122)&#13;
io.restassured.internal.ResponseSpecificationImpl.statusCode(ResponseSpecificationImpl.groovy:130)&#13;
io.restassured.internal.ValidatableResponseOptionsImpl.statusCode(ValidatableResponseOptionsImpl.java:117)&#13;
com.studentapp.junit.studentsinfo.TagsTest.Incorrectresource(TagsTest.java:56)&#13;
</system-err></testcase><testcase classname="com.studentapp.junit.studentsinfo.TagsTest" name="Provide a 405 Statuscode when incorrec Http method is used to acess resource"/></testsuite>